chr10:16211658-16211680	chr7:87493132-87493154	100.00	5	0	0	14	18	1	5	0.31	10.4
chr10:16211658-16211680	chr7:87493132-87493154	100.00	5	0	0	14	18	12	8	0.31	10.4
chr10:18855933-18855955	chr7:87493132-87493154	100.00	5	0	0	17	21	12	16	0.31	10.4
chr10:18945978-18946000	chr7:87493132-87493154	100.00	5	0	0	6	10	10	6	0.31	10.4
chr10:25825879-25825901	chr7:87493132-87493154	100.00	6	0	0	4	9	20	15	0.085	12.2
chr10:43239198-43239220	chr7:87493132-87493154	100.00	6	0	0	13	18	16	11	0.085	12.2
chr10:43239198-43239220	chr7:87493132-87493154	100.00	5	0	0	7	11	18	14	0.31	10.4
chr10:55533799-55533821	chr7:87493132-87493154	100.00	5	0	0	4	8	9	5	0.31	10.4
chr10:78822911-78822933	chr7:87493132-87493154	100.00	5	0	0	19	23	10	14	0.31	10.4
chr10:102968072-102968094	chr7:87493132-87493154	100.00	5	0	0	9	13	7	3	0.31	10.4
chr10:104479350-104479372	chr7:87493132-87493154	100.00	5	0	0	19	23	14	18	0.31	10.4
chr10:104479350-104479372	chr7:87493132-87493154	100.00	5	0	0	12	16	20	16	0.31	10.4
chr10:110133169-110133191	chr7:87493132-87493154	100.00	5	0	0	1	5	9	5	0.31	10.4
chr10:115231884-115231906	chr7:87493132-87493154	100.00	5	0	0	12	16	7	3	0.31	10.4
chr10:116908306-116908328	chr7:87493132-87493154	100.00	6	0	0	18	23	16	21	0.085	12.2
chr10:116908306-116908328	chr7:87493132-87493154	100.00	5	0	0	5	9	6	10	0.31	10.4
chr10:125351623-125351645	chr7:87493132-87493154	100.00	5	0	0	9	13	15	19	0.31	10.4
chr11:25056243-25056265	chr7:87493132-87493154	100.00	6	0	0	12	17	16	21	0.085	12.2
chr11:45833031-45833053	chr7:87493132-87493154	100.00	5	0	0	11	15	6	2	0.31	10.4
chr11:86910279-86910301	chr7:87493132-87493154	100.00	6	0	0	2	7	17	12	0.085	12.2
chr11:86910279-86910301	chr7:87493132-87493154	100.00	5	0	0	17	21	9	13	0.31	10.4
chr11:104327960-104327982	chr7:87493132-87493154	100.00	5	0	0	14	18	5	9	0.31	10.4
chr11:107836193-107836215	chr7:87493132-87493154	88.89	9	1	0	6	14	21	13	0.085	12.2
chr11:110030018-110030040	chr7:87493132-87493154	100.00	5	0	0	15	19	10	6	0.31	10.4
chr11:110734840-110734862	chr7:87493132-87493154	100.00	5	0	0	13	17	11	7	0.31	10.4
chr11:115470600-115470622	chr7:87493132-87493154	100.00	6	0	0	2	7	11	6	0.085	12.2
chr11:116359634-116359656	chr7:87493132-87493154	100.00	5	0	0	1	5	3	7	0.31	10.4
chr12:4290746-4290768	chr7:87493132-87493154	100.00	7	0	0	8	14	7	1	0.024	14.0
chr12:4290746-4290768	chr7:87493132-87493154	88.89	9	1	0	10	18	8	16	0.085	12.2
chr12:12749067-12749089	chr7:87493132-87493154	100.00	6	0	0	18	23	12	17	0.085	12.2
chr12:28405456-28405478	chr7:87493132-87493154	100.00	6	0	0	16	21	6	11	0.085	12.2
chr12:28405456-28405478	chr7:87493132-87493154	100.00	5	0	0	14	18	15	19	0.31	10.4
chr12:55035046-55035068	chr7:87493132-87493154	100.00	5	0	0	8	12	21	17	0.31	10.4
chr12:57152256-57152278	chr7:87493132-87493154	100.00	5	0	0	19	23	14	18	0.31	10.4
chr12:70177547-70177569	chr7:87493132-87493154	100.00	5	0	0	7	11	6	2	0.31	10.4
chr12:74362488-74362510	chr7:87493132-87493154	100.00	5	0	0	1	5	2	6	0.31	10.4
chr12:74362488-74362510	chr7:87493132-87493154	100.00	5	0	0	14	18	17	13	0.31	10.4
chr12:74362488-74362510	chr7:87493132-87493154	100.00	5	0	0	17	21	19	15	0.31	10.4
chr12:95744845-95744867	chr7:87493132-87493154	100.00	5	0	0	7	11	6	2	0.31	10.4
chr12:95744845-95744867	chr7:87493132-87493154	100.00	5	0	0	15	19	4	8	0.31	10.4
chr12:95744845-95744867	chr7:87493132-87493154	100.00	5	0	0	4	8	5	9	0.31	10.4
chr12:95744845-95744867	chr7:87493132-87493154	100.00	5	0	0	11	15	18	22	0.31	10.4
chr12:102730422-102730444	chr7:87493132-87493154	100.00	6	0	0	1	6	8	3	0.085	12.2
chr13:4588446-4588468	chr7:87493132-87493154	100.00	5	0	0	6	10	20	16	0.31	10.4
chr13:32245653-32245675	chr7:87493132-87493154	100.00	5	0	0	19	23	2	6	0.31	10.4
chr13:41977833-41977855	chr7:87493132-87493154	100.00	5	0	0	6	10	20	16	0.31	10.4
chr13:42937843-42937865	chr7:87493132-87493154	100.00	5	0	0	16	20	7	3	0.31	10.4
chr13:68040929-68040951	chr7:87493132-87493154	100.00	5	0	0	11	15	6	2	0.31	10.4
chr13:88356746-88356768	chr7:87493132-87493154	83.33	12	1	1	4	15	11	21	0.31	10.4
chr13:96993279-96993301	chr7:87493132-87493154	88.89	9	1	0	10	18	13	21	0.085	12.2
chr13:96993279-96993301	chr7:87493132-87493154	100.00	5	0	0	4	8	5	9	0.31	10.4
chr13:107989911-107989933	chr7:87493132-87493154	100.00	5	0	0	2	6	20	16	0.31	10.4
chr14:16143857-16143879	chr7:87493132-87493154	100.00	6	0	0	10	15	15	20	0.085	12.2
chr14:16143857-16143879	chr7:87493132-87493154	100.00	5	0	0	19	23	7	11	0.31	10.4
chr14:16143857-16143879	chr7:87493132-87493154	100.00	5	0	0	2	6	17	13	0.31	10.4
chr14:37551996-37552018	chr7:87493132-87493154	100.00	5	0	0	16	20	7	3	0.31	10.4
chr14:37551996-37552018	chr7:87493132-87493154	100.00	5	0	0	4	8	20	16	0.31	10.4
chr14:91900726-91900748	chr7:87493132-87493154	100.00	5	0	0	11	15	9	13	0.31	10.4
chr14:91900726-91900748	chr7:87493132-87493154	100.00	5	0	0	13	17	10	14	0.31	10.4
chr14:113385502-113385524	chr7:87493132-87493154	100.00	5	0	0	16	20	8	4	0.31	10.4
chr14:116735189-116735211	chr7:87493132-87493154	100.00	6	0	0	4	9	15	20	0.085	12.2
chr15:7611265-7611287	chr7:87493132-87493154	100.00	5	0	0	4	8	20	16	0.31	10.4
chr15:9867363-9867385	chr7:87493132-87493154	100.00	7	0	0	9	15	17	11	0.024	14.0
chr15:9867363-9867385	chr7:87493132-87493154	100.00	6	0	0	1	6	21	16	0.085	12.2
chr15:9867363-9867385	chr7:87493132-87493154	100.00	5	0	0	17	21	7	11	0.31	10.4
chr15:46118130-46118152	chr7:87493132-87493154	100.00	5	0	0	7	11	8	4	0.31	10.4
chr15:46118130-46118152	chr7:87493132-87493154	100.00	5	0	0	12	16	9	5	0.31	10.4
chr15:58112748-58112770	chr7:87493132-87493154	100.00	8	0	0	5	12	14	7	0.007	15.9
chr15:58112748-58112770	chr7:87493132-87493154	100.00	5	0	0	7	11	1	5	0.31	10.4
chr15:79554896-79554918	chr7:87493132-87493154	100.00	6	0	0	1	6	16	21	0.085	12.2
chr15:79554896-79554918	chr7:87493132-87493154	100.00	5	0	0	6	10	7	11	0.31	10.4
chr15:79554896-79554918	chr7:87493132-87493154	100.00	5	0	0	14	18	12	16	0.31	10.4
chr15:97460597-97460619	chr7:87493132-87493154	100.00	5	0	0	7	11	15	11	0.31	10.4
chr15:101543849-101543871	chr7:87493132-87493154	100.00	6	0	0	7	12	16	21	0.085	12.2
chr16:15828801-15828823	chr7:87493132-87493154	100.00	7	0	0	1	7	8	14	0.024	14.0
chr16:15828801-15828823	chr7:87493132-87493154	100.00	5	0	0	1	5	5	1	0.31	10.4
chr16:27936770-27936792	chr7:87493132-87493154	100.00	5	0	0	5	9	6	10	0.31	10.4
chr16:71765110-71765132	chr7:87493132-87493154	100.00	5	0	0	7	11	5	1	0.31	10.4
chr16:71765110-71765132	chr7:87493132-87493154	100.00	5	0	0	7	11	8	12	0.31	10.4
chr17:4632908-4632930	chr7:87493132-87493154	100.00	5	0	0	18	22	6	2	0.31	10.4
chr17:16783883-16783905	chr7:87493132-87493154	100.00	5	0	0	7	11	6	2	0.31	10.4
chr17:16783883-16783905	chr7:87493132-87493154	100.00	5	0	0	4	8	11	15	0.31	10.4
chr17:46118090-46118112	chr7:87493132-87493154	100.00	5	0	0	4	8	16	20	0.31	10.4
chr17:53792112-53792134	chr7:87493132-87493154	100.00	5	0	0	12	16	7	11	0.31	10.4
chr17:53792112-53792134	chr7:87493132-87493154	100.00	5	0	0	16	20	7	11	0.31	10.4
chr17:54648184-54648206	chr7:87493132-87493154	100.00	5	0	0	9	13	15	19	0.31	10.4
chr17:63267449-63267471	chr7:87493132-87493154	100.00	5	0	0	16	20	9	5	0.31	10.4
chr17:63267449-63267471	chr7:87493132-87493154	100.00	5	0	0	8	12	14	18	0.31	10.4
chr17:91285912-91285934	chr7:87493132-87493154	100.00	5	0	0	16	20	7	3	0.31	10.4
chr17:92304530-92304552	chr7:87493132-87493154	100.00	6	0	0	14	19	22	17	0.085	12.2
chr17:92304530-92304552	chr7:87493132-87493154	100.00	5	0	0	4	8	16	20	0.31	10.4
chr18:10139818-10139840	chr7:87493132-87493154	100.00	5	0	0	3	7	16	12	0.31	10.4
chr18:13736342-13736364	chr7:87493132-87493154	100.00	5	0	0	19	23	3	7	0.31	10.4
chr18:13736342-13736364	chr7:87493132-87493154	100.00	5	0	0	3	7	21	17	0.31	10.4
chr18:24351936-24351958	chr7:87493132-87493154	100.00	6	0	0	13	18	17	12	0.085	12.2
chr18:35726849-35726871	chr7:87493132-87493154	100.00	5	0	0	19	23	6	10	0.31	10.4
chr18:35726849-35726871	chr7:87493132-87493154	100.00	5	0	0	12	16	14	18	0.31	10.4
chr18:45353343-45353365	chr7:87493132-87493154	100.00	6	0	0	13	18	18	13	0.085	12.2
chr18:45353343-45353365	chr7:87493132-87493154	100.00	5	0	0	18	22	10	6	0.31	10.4
chr18:48551275-48551297	chr7:87493132-87493154	100.00	5	0	0	5	9	19	15	0.31	10.4
chr18:55600132-55600154	chr7:87493132-87493154	100.00	5	0	0	14	18	3	7	0.31	10.4
chr18:61248789-61248811	chr7:87493132-87493154	100.00	5	0	0	15	19	11	15	0.31	10.4
chr18:90120648-90120670	chr7:87493132-87493154	100.00	5	0	0	6	10	3	7	0.31	10.4
chr19:17311599-17311621	chr7:87493132-87493154	100.00	5	0	0	6	10	7	11	0.31	10.4
chr19:18539011-18539033	chr7:87493132-87493154	100.00	5	0	0	10	14	7	11	0.31	10.4
chr19:23894491-23894513	chr7:87493132-87493154	100.00	5	0	0	11	15	17	13	0.31	10.4
chr19:35735520-35735542	chr7:87493132-87493154	100.00	6	0	0	14	19	7	12	0.085	12.2
chr19:35735520-35735542	chr7:87493132-87493154	100.00	6	0	0	11	16	10	15	0.085	12.2
chr19:35735520-35735542	chr7:87493132-87493154	100.00	5	0	0	15	19	5	1	0.31	10.4
chr19:35735520-35735542	chr7:87493132-87493154	100.00	5	0	0	9	13	9	13	0.31	10.4
chr1:23488085-23488107	chr7:87493132-87493154	90.00	10	1	0	9	18	14	23	0.024	14.0
chr1:37293147-37293169	chr7:87493132-87493154	100.00	5	0	0	2	6	11	7	0.31	10.4
chr1:48916191-48916213	chr7:87493132-87493154	88.89	9	0	1	12	20	7	14	0.31	10.4
chr1:48916191-48916213	chr7:87493132-87493154	100.00	5	0	0	8	12	7	11	0.31	10.4
chr1:52769808-52769830	chr7:87493132-87493154	100.00	5	0	0	12	16	2	6	0.31	10.4
chr1:61865583-61865605	chr7:87493132-87493154	100.00	5	0	0	16	20	18	14	0.31	10.4
chr1:72786033-72786055	chr7:87493132-87493154	100.00	5	0	0	4	8	15	11	0.31	10.4
chr1:98636234-98636256	chr7:87493132-87493154	100.00	5	0	0	4	8	16	20	0.31	10.4
chr1:132982473-132982495	chr7:87493132-87493154	100.00	5	0	0	19	23	18	14	0.31	10.4
chr1:134218705-134218727	chr7:87493132-87493154	100.00	6	0	0	4	9	5	10	0.085	12.2
chr1:136523514-136523536	chr7:87493132-87493154	90.91	11	1	0	6	16	13	23	0.007	15.9
chr1:136523514-136523536	chr7:87493132-87493154	100.00	5	0	0	4	8	5	9	0.31	10.4
chr1:136523514-136523536	chr7:87493132-87493154	100.00	5	0	0	16	20	21	17	0.31	10.4
chr1:150765100-150765122	chr7:87493132-87493154	100.00	6	0	0	15	20	8	3	0.085	12.2
chr1:150765100-150765122	chr7:87493132-87493154	100.00	5	0	0	10	14	5	1	0.31	10.4
chr1:150765100-150765122	chr7:87493132-87493154	100.00	5	0	0	4	8	5	9	0.31	10.4
chr1:150765100-150765122	chr7:87493132-87493154	100.00	5	0	0	10	14	8	12	0.31	10.4
chr1:155979776-155979798	chr7:87493132-87493154	100.00	5	0	0	11	15	8	4	0.31	10.4
chr1:172033046-172033068	chr7:87493132-87493154	88.89	9	0	1	15	23	10	17	0.31	10.4
chr1:172033046-172033068	chr7:87493132-87493154	100.00	5	0	0	4	8	18	14	0.31	10.4
chr2:14271075-14271097	chr7:87493132-87493154	100.00	5	0	0	19	23	18	14	0.31	10.4
chr2:19306348-19306370	chr7:87493132-87493154	100.00	6	0	0	16	21	18	13	0.085	12.2
chr2:19306348-19306370	chr7:87493132-87493154	88.89	9	0	1	5	13	14	7	0.31	10.4
chr2:43068586-43068608	chr7:87493132-87493154	100.00	5	0	0	4	8	5	9	0.31	10.4
chr2:50180917-50180939	chr7:87493132-87493154	100.00	5	0	0	7	11	6	2	0.31	10.4
chr2:61652774-61652796	chr7:87493132-87493154	100.00	5	0	0	14	18	2	6	0.31	10.4
chr2:65534928-65534950	chr7:87493132-87493154	100.00	5	0	0	11	15	23	19	0.31	10.4
chr2:131800554-131800576	chr7:87493132-87493154	100.00	6	0	0	13	18	16	21	0.085	12.2
chr2:142921048-142921070	chr7:87493132-87493154	100.00	5	0	0	10	14	5	9	0.31	10.4
chr2:146501567-146501589	chr7:87493132-87493154	100.00	5	0	0	1	5	18	22	0.31	10.4
chr2:153240720-153240742	chr7:87493132-87493154	90.91	11	0	1	6	15	7	17	0.024	14.0
chr2:153240720-153240742	chr7:87493132-87493154	100.00	5	0	0	7	11	5	1	0.31	10.4
chr2:153240720-153240742	chr7:87493132-87493154	100.00	5	0	0	14	18	10	6	0.31	10.4
chr2:153240720-153240742	chr7:87493132-87493154	100.00	5	0	0	4	8	11	15	0.31	10.4
chr2:153641962-153641984	chr7:87493132-87493154	100.00	6	0	0	18	23	16	21	0.085	12.2
chr2:156184356-156184378	chr7:87493132-87493154	100.00	5	0	0	17	21	5	9	0.31	10.4
chr2:169851493-169851515	chr7:87493132-87493154	100.00	5	0	0	1	5	11	15	0.31	10.4
chr3:26837246-26837268	chr7:87493132-87493154	100.00	5	0	0	13	17	16	20	0.31	10.4
chr3:32995797-32995819	chr7:87493132-87493154	100.00	6	0	0	17	22	23	18	0.085	12.2
chr3:37931898-37931920	chr7:87493132-87493154	100.00	5	0	0	11	15	10	6	0.31	10.4
chr3:103501159-103501181	chr7:87493132-87493154	100.00	6	0	0	3	8	14	9	0.085	12.2
chr3:103501159-103501181	chr7:87493132-87493154	100.00	6	0	0	18	23	15	20	0.085	12.2
chr3:121212655-121212677	chr7:87493132-87493154	100.00	5	0	0	13	17	20	16	0.31	10.4
chr3:134417448-134417470	chr7:87493132-87493154	90.00	10	0	1	12	20	10	1	0.085	12.2
chr3:134417448-134417470	chr7:87493132-87493154	100.00	5	0	0	16	20	8	12	0.31	10.4
chr3:137100171-137100193	chr7:87493132-87493154	100.00	6	0	0	1	6	23	18	0.085	12.2
chr3:137100171-137100193	chr7:87493132-87493154	88.89	9	0	1	3	11	11	4	0.31	10.4
chr3:140557214-140557236	chr7:87493132-87493154	78.95	19	3	1	6	23	23	5	0.085	12.2
chr3:141940825-141940847	chr7:87493132-87493154	88.89	9	1	0	8	16	13	21	0.085	12.2
chr3:141940825-141940847	chr7:87493132-87493154	100.00	5	0	0	13	17	5	1	0.31	10.4
chr3:141940825-141940847	chr7:87493132-87493154	100.00	5	0	0	18	22	6	2	0.31	10.4
chr3:141940825-141940847	chr7:87493132-87493154	100.00	5	0	0	13	17	8	12	0.31	10.4
chr3:141940825-141940847	chr7:87493132-87493154	100.00	5	0	0	15	19	11	15	0.31	10.4
chr3:145068908-145068930	chr7:87493132-87493154	100.00	5	0	0	19	23	2	6	0.31	10.4
chr3:145068908-145068930	chr7:87493132-87493154	100.00	5	0	0	4	8	5	9	0.31	10.4
chr4:3282625-3282647	chr7:87493132-87493154	100.00	5	0	0	4	8	15	11	0.31	10.4
chr4:4761599-4761621	chr7:87493132-87493154	100.00	5	0	0	9	13	7	3	0.31	10.4
chr4:4761599-4761621	chr7:87493132-87493154	100.00	5	0	0	4	8	20	16	0.31	10.4
chr4:114804280-114804302	chr7:87493132-87493154	100.00	5	0	0	4	8	12	16	0.31	10.4
chr4:117484294-117484316	chr7:87493132-87493154	100.00	6	0	0	14	19	8	3	0.085	12.2
chr4:117484294-117484316	chr7:87493132-87493154	100.00	5	0	0	2	6	6	2	0.31	10.4
chr4:117484294-117484316	chr7:87493132-87493154	100.00	5	0	0	12	16	21	17	0.31	10.4
chr4:122789653-122789675	chr7:87493132-87493154	100.00	6	0	0	4	9	6	1	0.085	12.2
chr4:122789653-122789675	chr7:87493132-87493154	100.00	6	0	0	5	10	8	13	0.085	12.2
chr4:122789653-122789675	chr7:87493132-87493154	100.00	5	0	0	9	13	10	14	0.31	10.4
chr4:127933785-127933807	chr7:87493132-87493154	100.00	5	0	0	1	5	2	6	0.31	10.4
chr4:128009047-128009069	chr7:87493132-87493154	100.00	6	0	0	7	12	16	21	0.085	12.2
chr4:128009047-128009069	chr7:87493132-87493154	100.00	5	0	0	3	7	15	11	0.31	10.4
chr5:12180575-12180597	chr7:87493132-87493154	100.00	5	0	0	14	18	17	13	0.31	10.4
chr5:30362977-30362999	chr7:87493132-87493154	100.00	5	0	0	15	19	22	18	0.31	10.4
chr5:65007060-65007082	chr7:87493132-87493154	100.00	5	0	0	19	23	6	2	0.31	10.4
chr5:71304448-71304470	chr7:87493132-87493154	100.00	5	0	0	5	9	17	21	0.31	10.4
chr5:75487316-75487338	chr7:87493132-87493154	100.00	6	0	0	1	6	18	13	0.085	12.2
chr5:75557623-75557645	chr7:87493132-87493154	100.00	5	0	0	1	5	15	19	0.31	10.4
chr5:75595516-75595538	chr7:87493132-87493154	100.00	5	0	0	4	8	11	15	0.31	10.4
chr5:82855607-82855629	chr7:87493132-87493154	100.00	5	0	0	10	14	6	2	0.31	10.4
chr5:82855607-82855629	chr7:87493132-87493154	100.00	5	0	0	2	6	16	20	0.31	10.4
chr5:87774141-87774163	chr7:87493132-87493154	100.00	9	0	0	11	19	3	11	0.002	17.7
chr5:87774141-87774163	chr7:87493132-87493154	100.00	5	0	0	19	23	16	12	0.31	10.4
chr5:102078821-102078843	chr7:87493132-87493154	100.00	5	0	0	1	5	19	15	0.31	10.4
chr5:107523040-107523062	chr7:87493132-87493154	100.00	5	0	0	5	9	19	15	0.31	10.4
chr5:120189025-120189047	chr7:87493132-87493154	100.00	6	0	0	16	21	8	13	0.085	12.2
chr5:120189025-120189047	chr7:87493132-87493154	100.00	5	0	0	16	20	5	1	0.31	10.4
chr5:144146515-144146537	chr7:87493132-87493154	100.00	5	0	0	19	23	4	8	0.31	10.4
chr6:10281944-10281966	chr7:87493132-87493154	100.00	5	0	0	10	14	3	7	0.31	10.4
chr6:17993805-17993827	chr7:87493132-87493154	100.00	5	0	0	11	15	7	3	0.31	10.4
chr6:44203877-44203899	chr7:87493132-87493154	100.00	5	0	0	17	21	11	7	0.31	10.4
chr6:78582820-78582842	chr7:87493132-87493154	100.00	5	0	0	17	21	11	15	0.31	10.4
chr6:113250758-113250780	chr7:87493132-87493154	100.00	6	0	0	3	8	4	9	0.085	12.2
chr6:114831421-114831443	chr7:87493132-87493154	100.00	7	0	0	1	7	2	8	0.024	14.0
chr6:115976751-115976773	chr7:87493132-87493154	100.00	6	0	0	13	18	21	16	0.085	12.2
chr6:115976751-115976773	chr7:87493132-87493154	100.00	5	0	0	1	5	10	14	0.31	10.4
chr6:121850003-121850025	chr7:87493132-87493154	100.00	5	0	0	19	23	17	13	0.31	10.4
chr6:129591034-129591056	chr7:87493132-87493154	100.00	5	0	0	15	19	11	15	0.31	10.4
chr6:129660652-129660674	chr7:87493132-87493154	100.00	5	0	0	19	23	6	2	0.31	10.4
chr6:129667334-129667356	chr7:87493132-87493154	100.00	5	0	0	3	7	23	19	0.31	10.4
chr6:135007412-135007434	chr7:87493132-87493154	100.00	5	0	0	8	12	10	6	0.31	10.4
chr7:14360709-14360731	chr7:87493132-87493154	100.00	5	0	0	2	6	22	18	0.31	10.4
chr7:19832790-19832812	chr7:87493132-87493154	88.89	9	0	1	2	9	12	4	0.31	10.4
chr7:19832790-19832812	chr7:87493132-87493154	100.00	5	0	0	3	7	21	17	0.31	10.4
chr7:41285694-41285716	chr7:87493132-87493154	100.00	5	0	0	8	12	6	2	0.31	10.4
chr7:41285694-41285716	chr7:87493132-87493154	100.00	5	0	0	4	8	11	15	0.31	10.4
chr7:47636179-47636201	chr7:87493132-87493154	100.00	5	0	0	6	10	23	19	0.31	10.4
chr7:52809720-52809742	chr7:87493132-87493154	100.00	6	0	0	11	16	12	7	0.085	12.2
chr7:52809720-52809742	chr7:87493132-87493154	100.00	6	0	0	14	19	15	10	0.085	12.2
chr7:52809720-52809742	chr7:87493132-87493154	100.00	5	0	0	11	15	1	5	0.31	10.4
chr7:52809720-52809742	chr7:87493132-87493154	100.00	5	0	0	17	21	13	9	0.31	10.4
chr7:71890246-71890268	chr7:87493132-87493154	100.00	5	0	0	19	23	5	1	0.31	10.4
chr7:71890246-71890268	chr7:87493132-87493154	100.00	5	0	0	19	23	8	12	0.31	10.4
chr7:80091721-80091743	chr7:87493132-87493154	100.00	6	0	0	12	17	1	6	0.085	12.2
chr7:80091721-80091743	chr7:87493132-87493154	100.00	5	0	0	12	16	12	8	0.31	10.4
chr7:83725817-83725839	chr7:87493132-87493154	100.00	5	0	0	16	20	1	5	0.31	10.4
chr7:83725817-83725839	chr7:87493132-87493154	100.00	5	0	0	2	6	7	3	0.31	10.4
chr7:83725817-83725839	chr7:87493132-87493154	100.00	5	0	0	16	20	12	8	0.31	10.4
chr7:84918941-84918963	chr7:87493132-87493154	100.00	5	0	0	7	11	7	3	0.31	10.4
chr7:88469867-88469889	chr7:87493132-87493154	100.00	7	0	0	13	19	15	21	0.024	14.0
chr7:127020224-127020246	chr7:87493132-87493154	100.00	7	0	0	15	21	12	18	0.024	14.0
chr7:143866931-143866953	chr7:87493132-87493154	100.00	5	0	0	13	17	10	6	0.31	10.4
chr8:8401084-8401106	chr7:87493132-87493154	100.00	5	0	0	16	20	3	7	0.31	10.4
chr8:69498482-69498504	chr7:87493132-87493154	100.00	6	0	0	1	6	8	3	0.085	12.2
chr8:82322446-82322468	chr7:87493132-87493154	100.00	5	0	0	7	11	6	2	0.31	10.4
chr8:82322446-82322468	chr7:87493132-87493154	100.00	5	0	0	18	22	8	4	0.31	10.4
chr8:126193079-126193101	chr7:87493132-87493154	100.00	5	0	0	1	5	10	14	0.31	10.4
chr9:18748825-18748847	chr7:87493132-87493154	100.00	5	0	0	16	20	15	19	0.31	10.4
chr9:27410069-27410091	chr7:87493132-87493154	100.00	5	0	0	6	10	23	19	0.31	10.4
chr9:27840202-27840224	chr7:87493132-87493154	100.00	5	0	0	19	23	11	7	0.31	10.4
chr9:27840202-27840224	chr7:87493132-87493154	100.00	5	0	0	7	11	9	13	0.31	10.4
chr9:30303168-30303190	chr7:87493132-87493154	100.00	7	0	0	2	8	9	15	0.024	14.0
chr9:30303168-30303190	chr7:87493132-87493154	100.00	5	0	0	7	11	6	2	0.31	10.4
chr9:30303168-30303190	chr7:87493132-87493154	100.00	5	0	0	17	21	16	20	0.31	10.4
chr9:61278410-61278432	chr7:87493132-87493154	100.00	5	0	0	4	8	16	20	0.31	10.4
chr9:84816490-84816512	chr7:87493132-87493154	100.00	5	0	0	17	21	14	10	0.31	10.4
chr9:84816490-84816512	chr7:87493132-87493154	100.00	5	0	0	5	9	17	21	0.31	10.4
chrX:14327040-14327062	chr7:87493132-87493154	100.00	5	0	0	5	9	6	10	0.31	10.4
chrX:84170714-84170736	chr7:87493132-87493154	100.00	5	0	0	11	15	12	16	0.31	10.4
chrX:133627856-133627878	chr7:87493132-87493154	100.00	5	0	0	12	16	14	18	0.31	10.4
chrX:134309339-134309361	chr7:87493132-87493154	100.00	5	0	0	4	8	16	20	0.31	10.4
